#
# There is insufficient memory for the Java Runtime Environment to continue.
# Native memory allocation (mmap) failed to map 65536 bytes for Failed to commit metaspace.
# Possible reasons:
#   The system is out of physical RAM or swap space
#   The process is running with CompressedOops enabled, and the Java Heap may be blocking the growth of the native heap
# Possible solutions:
#   Reduce memory load on the system
#   Increase physical memory or swap space
#   Check if swap backing store is full
#   Decrease Java heap size (-Xmx/-Xms)
#   Decrease number of Java threads
#   Decrease Java thread stack sizes (-Xss)
#   Set larger code cache with -XX:ReservedCodeCacheSize=
#   JVM is running with Unscaled Compressed Oops mode in which the Java heap is
#     placed in the first 4GB address space. The Java Heap base address is the
#     maximum limit for the native heap growth. Please use -XX:HeapBaseMinAddress
#     to set the Java Heap base and to place the Java Heap above 4GB virtual address.
# This output file may be truncated or incomplete.
#
#  Out of Memory Error (virtualSpaceNode.cpp:110), pid=10476, tid=2316
#
# JRE version: Java(TM) SE Runtime Environment (17.0.11+7) (build 17.0.11+7-LTS-207)
# Java VM: Java HotSpot(TM) 64-Bit Server VM (17.0.11+7-LTS-207, mixed mode, sharing, tiered, compressed oops, compressed class ptrs, g1 gc, windows-amd64)
# No core dump will be written. Minidumps are not enabled by default on client versions of Windows
#

---------------  S U M M A R Y ------------

Command Line: -XX:MaxMetaspaceSize=512m --add-opens=java.base/java.util=ALL-UNNAMED --add-opens=java.base/java.lang=ALL-UNNAMED --add-opens=java.base/java.lang.invoke=ALL-UNNAMED --add-opens=java.prefs/java.util.prefs=ALL-UNNAMED --add-opens=java.base/java.nio.charset=ALL-UNNAMED --add-opens=java.base/java.net=ALL-UNNAMED --add-opens=java.base/java.util.concurrent.atomic=ALL-UNNAMED -Xmx2048m -Dfile.encoding=windows-1252 -Duser.country=IN -Duser.language=en -Duser.variant -javaagent:C:\Users\anasr\.gradle\wrapper\dists\gradle-8.6-all\3mbtmo166bl6vumsh5k2lkq5h\gradle-8.6\lib\agents\gradle-instrumentation-agent-8.6.jar org.gradle.launcher.daemon.bootstrap.GradleDaemon 8.6

Host: AMD Ryzen 5 5500U with Radeon Graphics         , 12 cores, 7G,  Windows 11 , 64 bit Build 22621 (10.0.22621.3958)
Time: Wed Aug 28 16:24:31 2024 India Standard Time elapsed time: 2.741405 seconds (0d 0h 0m 2s)

---------------  T H R E A D  ---------------

Current thread (0x000001c3ff96d990):  JavaThread "Daemon worker" [_thread_in_vm, id=2316, stack(0x000000541b800000,0x000000541b900000)]

Stack: [0x000000541b800000,0x000000541b900000]
Native frames: (J=compiled Java code, j=interpreted, Vv=VM code, C=native code)
V  [jvm.dll+0x679cca]
V  [jvm.dll+0x7da13d]
V  [jvm.dll+0x7dba83]
V  [jvm.dll+0x7dc0f3]
V  [jvm.dll+0x2449af]
V  [jvm.dll+0x7d5d0b]
V  [jvm.dll+0x6200b6]
V  [jvm.dll+0x1be687]
V  [jvm.dll+0x622a12]
V  [jvm.dll+0x620a76]
V  [jvm.dll+0x238c8f]
V  [jvm.dll+0x62a925]
V  [jvm.dll+0x1e7e32]
V  [jvm.dll+0x1e8355]
V  [jvm.dll+0x1e8c9b]
V  [jvm.dll+0x1de3c1]
V  [jvm.dll+0x53f19c]
V  [jvm.dll+0x754fc8]
V  [jvm.dll+0x7550b4]
V  [jvm.dll+0x40cb9f]
V  [jvm.dll+0x413629]
C  [java.dll+0x17ec]

Java frames: (J=compiled Java code, j=interpreted, Vv=VM code)
J 783  java.lang.ClassLoader.defineClass1(Ljava/lang/ClassLoader;Ljava/lang/String;[BIILjava/security/ProtectionDomain;Ljava/lang/String;)Ljava/lang/Class; java.base@17.0.11 (0 bytes) @ 0x000001c387b1d463 [0x000001c387b1d3a0+0x00000000000000c3]
J 1279 c1 java.lang.ClassLoader.defineClass(Ljava/lang/String;[BIILjava/security/ProtectionDomain;)Ljava/lang/Class; java.base@17.0.11 (43 bytes) @ 0x000001c38029a2d4 [0x000001c380299f80+0x0000000000000354]
J 977 c1 java.security.SecureClassLoader.defineClass(Ljava/lang/String;[BIILjava/security/CodeSource;)Ljava/lang/Class; java.base@17.0.11 (16 bytes) @ 0x000001c3801cb20c [0x000001c3801cb140+0x00000000000000cc]
J 969 c1 java.net.URLClassLoader.defineClass(Ljava/lang/String;Ljdk/internal/loader/Resource;)Ljava/lang/Class; java.base@17.0.11 (224 bytes) @ 0x000001c3801c5c44 [0x000001c3801c41c0+0x0000000000001a84]
J 778 c1 java.net.URLClassLoader$1.run()Ljava/lang/Class; java.base@17.0.11 (81 bytes) @ 0x000001c3801419dc [0x000001c380140da0+0x0000000000000c3c]
J 777 c1 java.net.URLClassLoader$1.run()Ljava/lang/Object; java.base@17.0.11 (5 bytes) @ 0x000001c3801408c4 [0x000001c380140840+0x0000000000000084]
J 620 c1 java.security.AccessController.doPrivileged(Ljava/security/PrivilegedExceptionAction;Ljava/security/AccessControlContext;)Ljava/lang/Object; java.base@17.0.11 (26 bytes) @ 0x000001c3800f7bfc [0x000001c3800f7a20+0x00000000000001dc]
J 704 c1 java.net.URLClassLoader.findClass(Ljava/lang/String;)Ljava/lang/Class; java.base@17.0.11 (47 bytes) @ 0x000001c38011ea9c [0x000001c38011e900+0x000000000000019c]
J 663 c1 java.lang.ClassLoader.loadClass(Ljava/lang/String;Z)Ljava/lang/Class; java.base@17.0.11 (121 bytes) @ 0x000001c380110574 [0x000001c38010ffc0+0x00000000000005b4]
J 673 c1 java.lang.ClassLoader.loadClass(Ljava/lang/String;)Ljava/lang/Class; java.base@17.0.11 (7 bytes) @ 0x000001c3801141cc [0x000001c3801140c0+0x000000000000010c]
v  ~StubRoutines::call_stub
j  org.gradle.internal.instantiation.generator.AsmBackedClassGenerator$ClassInspectionVisitorImpl.builder()Lorg/gradle/internal/instantiation/generator/AbstractClassGenerator$ClassGenerationVisitor;+173
j  org.gradle.internal.instantiation.generator.AbstractClassGenerator.generateUnderLock(Ljava/lang/Class;)Lorg/gradle/internal/instantiation/generator/AbstractClassGenerator$GeneratedClassImpl;+393
j  org.gradle.internal.instantiation.generator.AbstractClassGenerator$$Lambda$112+0x000001c390182f90.apply(Ljava/lang/Object;)Ljava/lang/Object;+8
j  org.gradle.cache.internal.DefaultCrossBuildInMemoryCacheFactory$AbstractCrossBuildInMemoryCache.get(Ljava/lang/Object;Ljava/util/function/Function;)Ljava/lang/Object;+26
j  org.gradle.internal.instantiation.generator.AbstractClassGenerator.generate(Ljava/lang/Class;)Lorg/gradle/internal/instantiation/generator/ClassGenerator$GeneratedClass;+27
j  org.gradle.internal.instantiation.generator.AsmBackedClassGenerator.generate(Ljava/lang/Class;)Lorg/gradle/internal/instantiation/generator/ClassGenerator$GeneratedClass;+2
j  org.gradle.internal.instantiation.generator.Jsr330ConstructorSelector.lambda$forType$0(Ljava/lang/Class;)Lorg/gradle/internal/instantiation/generator/Jsr330ConstructorSelector$CachedConstructor;+9
j  org.gradle.internal.instantiation.generator.Jsr330ConstructorSelector$$Lambda$116+0x000001c390197318.get()Ljava/lang/Object;+8
j  org.gradle.cache.Cache.lambda$get$0(Ljava/util/function/Supplier;Ljava/lang/Object;)Ljava/lang/Object;+1
j  org.gradle.cache.Cache$$Lambda$77+0x000001c3900f3220.apply(Ljava/lang/Object;)Ljava/lang/Object;+5
j  org.gradle.cache.internal.DefaultCrossBuildInMemoryCacheFactory$AbstractCrossBuildInMemoryCache.get(Ljava/lang/Object;Ljava/util/function/Function;)Ljava/lang/Object;+26
j  org.gradle.cache.Cache.get(Ljava/lang/Object;Ljava/util/function/Supplier;)Ljava/lang/Object;+8
j  org.gradle.internal.instantiation.generator.Jsr330ConstructorSelector.forType(Ljava/lang/Class;)Lorg/gradle/internal/instantiation/generator/ClassGenerator$GeneratedConstructor;+12
j  org.gradle.internal.instantiation.generator.Jsr330ConstructorSelector.forParams(Ljava/lang/Class;[Ljava/lang/Object;)Lorg/gradle/internal/instantiation/generator/ClassGenerator$GeneratedConstructor;+2
j  org.gradle.internal.instantiation.generator.DependencyInjectingInstantiator.doCreate(Ljava/lang/Class;Lorg/gradle/api/Describable;[Ljava/lang/Object;)Ljava/lang/Object;+6
j  org.gradle.internal.instantiation.generator.DependencyInjectingInstantiator.newInstance(Ljava/lang/Class;[Ljava/lang/Object;)Ljava/lang/Object;+4
j  org.gradle.api.internal.model.DefaultObjectFactory.newInstance(Ljava/lang/Class;[Ljava/lang/Object;)Ljava/lang/Object;+6
j  org.gradle.internal.service.scopes.GradleUserHomeScopeServices.createCachesConfiguration(Lorg/gradle/api/model/ObjectFactory;Lorg/gradle/cache/internal/LegacyCacheCleanupEnablement;)Lorg/gradle/api/internal/cache/CacheConfigurationsInternal;+11
v  ~StubRoutines::call_stub
j  jdk.internal.reflect.NativeMethodAccessorImpl.invoke0(Ljava/lang/reflect/Method;Ljava/lang/Object;[Ljava/lang/Object;)Ljava/lang/Object;+0 java.base@17.0.11
j  jdk.internal.reflect.NativeMethodAccessorImpl.invoke(Ljava/lang/Object;[Ljava/lang/Object;)Ljava/lang/Object;+133 java.base@17.0.11
j  jdk.internal.reflect.DelegatingMethodAccessorImpl.invoke(Ljava/lang/Object;[Ljava/lang/Object;)Ljava/lang/Object;+6 java.base@17.0.11
j  java.lang.reflect.Method.invoke(Ljava/lang/Object;[Ljava/lang/Object;)Ljava/lang/Object;+59 java.base@17.0.11
j  org.gradle.internal.reflect.JavaMethod.invoke(Ljava/lang/Object;[Ljava/lang/Object;)Ljava/lang/Object;+6
j  org.gradle.internal.service.ReflectionBasedServiceMethod.invoke(Ljava/lang/Object;[Ljava/lang/Object;)Ljava/lang/Object;+6
j  org.gradle.internal.service.DefaultServiceRegistry$FactoryMethodService.invokeMethod([Ljava/lang/Object;)Ljava/lang/Object;+9
j  org.gradle.internal.service.DefaultServiceRegistry$FactoryService.createServiceInstance()Ljava/lang/Object;+7
j  org.gradle.internal.service.DefaultServiceRegistry$ManagedObjectServiceProvider.getInstance()Ljava/lang/Object;+24
j  org.gradle.internal.service.DefaultServiceRegistry$SingletonService.get()Ljava/lang/Object;+1
j  org.gradle.internal.service.DefaultServiceRegistry.applyConfigureMethod(Lorg/gradle/internal/service/ServiceMethod;Ljava/lang/Object;)V+125
j  org.gradle.internal.service.DefaultServiceRegistry.findProviderMethods(Ljava/lang/Object;)V+196
j  org.gradle.internal.service.DefaultServiceRegistry.addProvider(Ljava/lang/Object;)Lorg/gradle/internal/service/DefaultServiceRegistry;+6
j  org.gradle.internal.service.DefaultServiceRegistry$1.addProvider(Ljava/lang/Object;)V+5
j  org.gradle.internal.service.scopes.GradleUserHomeScopeServices.configure(Lorg/gradle/internal/service/ServiceRegistration;)V+13
j  java.lang.invoke.DirectMethodHandle$Holder.invokeVirtual(Ljava/lang/Object;Ljava/lang/Object;Ljava/lang/Object;)V+11 java.base@17.0.11
j  java.lang.invoke.LambdaForm$MH+0x000001c39002ac00.invoke(Ljava/lang/Object;Ljava/lang/Object;)Ljava/lang/Object;+39 java.base@17.0.11
j  java.lang.invoke.LambdaForm$MH+0x000001c39002a000.invoke(Ljava/lang/Object;Ljava/lang/Object;Ljava/lang/Object;)Ljava/lang/Object;+45 java.base@17.0.11
j  java.lang.invoke.LambdaForm$MH+0x000001c39002b000.invokeExact_MT(Ljava/lang/Object;Ljava/lang/Object;Ljava/lang/Object;Ljava/lang/Object;)Ljava/lang/Object;+20 java.base@17.0.11
j  java.lang.invoke.MethodHandle.invokeWithArguments([Ljava/lang/Object;)Ljava/lang/Object;+28 java.base@17.0.11
j  org.gradle.internal.service.MethodHandleBasedServiceMethod.invoke(Ljava/lang/Object;[Ljava/lang/Object;)Ljava/lang/Object;+9
j  org.gradle.internal.service.DefaultServiceRegistry.applyConfigureMethod(Lorg/gradle/internal/service/ServiceMethod;Ljava/lang/Object;)V+140
j  org.gradle.internal.service.DefaultServiceRegistry.findProviderMethods(Ljava/lang/Object;)V+196
j  org.gradle.internal.service.DefaultServiceRegistry.addProvider(Ljava/lang/Object;)Lorg/gradle/internal/service/DefaultServiceRegistry;+6
j  org.gradle.internal.service.ServiceRegistryBuilder.build()Lorg/gradle/internal/service/ServiceRegistry;+86
j  org.gradle.internal.service.scopes.DefaultGradleUserHomeScopeServiceRegistry.getServicesFor(Ljava/io/File;)Lorg/gradle/internal/service/ServiceRegistry;+147
j  org.gradle.internal.session.BuildSessionState.<init>(Lorg/gradle/internal/service/scopes/GradleUserHomeScopeServiceRegistry;Lorg/gradle/internal/session/CrossBuildSessionState;Lorg/gradle/api/internal/StartParameterInternal;Lorg/gradle/initialization/BuildRequestMetaData;Lorg/gradle/internal/classpath/ClassPath;Lorg/gradle/initialization/BuildCancellationToken;Lorg/gradle/initialization/BuildClientMetaData;Lorg/gradle/initialization/BuildEventConsumer;)V+15
j  org.gradle.tooling.internal.provider.BuildSessionLifecycleBuildActionExecuter.execute(Lorg/gradle/internal/invocation/BuildAction;Lorg/gradle/launcher/exec/BuildActionParameters;Lorg/gradle/initialization/BuildRequestContext;)Lorg/gradle/launcher/exec/BuildActionResult;+86
j  org.gradle.tooling.internal.provider.BuildSessionLifecycleBuildActionExecuter.execute(Lorg/gradle/internal/invocation/BuildAction;Ljava/lang/Object;Ljava/lang/Object;)Lorg/gradle/launcher/exec/BuildActionResult;+10
j  org.gradle.tooling.internal.provider.StartParamsValidatingActionExecuter.execute(Lorg/gradle/internal/invocation/BuildAction;Lorg/gradle/launcher/exec/BuildActionParameters;Lorg/gradle/initialization/BuildRequestContext;)Lorg/gradle/launcher/exec/BuildActionResult;+203
j  org.gradle.tooling.internal.provider.StartParamsValidatingActionExecuter.execute(Lorg/gradle/internal/invocation/BuildAction;Ljava/lang/Object;Ljava/lang/Object;)Lorg/gradle/launcher/exec/BuildActionResult;+10
j  org.gradle.tooling.internal.provider.SessionFailureReportingActionExecuter.execute(Lorg/gradle/internal/invocation/BuildAction;Lorg/gradle/launcher/exec/BuildActionParameters;Lorg/gradle/initialization/BuildRequestContext;)Lorg/gradle/launcher/exec/BuildActionResult;+7
j  org.gradle.tooling.internal.provider.SessionFailureReportingActionExecuter.execute(Lorg/gradle/internal/invocation/BuildAction;Ljava/lang/Object;Ljava/lang/Object;)Lorg/gradle/launcher/exec/BuildActionResult;+10
j  org.gradle.tooling.internal.provider.SetupLoggingActionExecuter.execute(Lorg/gradle/internal/invocation/BuildAction;Lorg/gradle/launcher/exec/BuildActionParameters;Lorg/gradle/initialization/BuildRequestContext;)Lorg/gradle/launcher/exec/BuildActionResult;+50
j  org.gradle.tooling.internal.provider.SetupLoggingActionExecuter.execute(Lorg/gradle/internal/invocation/BuildAction;Ljava/lang/Object;Ljava/lang/Object;)Lorg/gradle/launcher/exec/BuildActionResult;+10
j  org.gradle.launcher.daemon.server.exec.ExecuteBuild.doBuild(Lorg/gradle/launcher/daemon/server/api/DaemonCommandExecution;Lorg/gradle/launcher/daemon/protocol/Build;)V+117
j  org.gradle.launcher.daemon.server.exec.BuildCommandOnly.execute(Lorg/gradle/launcher/daemon/server/api/DaemonCommandExecution;)V+49
j  org.gradle.launcher.daemon.server.api.DaemonCommandExecution.proceed()Z+23
j  org.gradle.launcher.daemon.server.exec.WatchForDisconnection.execute(Lorg/gradle/launcher/daemon/server/api/DaemonCommandExecution;)V+19
j  org.gradle.launcher.daemon.server.api.DaemonCommandExecution.proceed()Z+23
j  org.gradle.launcher.daemon.server.exec.ResetDeprecationLogger.execute(Lorg/gradle/launcher/daemon/server/api/DaemonCommandExecution;)V+7
j  org.gradle.launcher.daemon.server.api.DaemonCommandExecution.proceed()Z+23
j  org.gradle.launcher.daemon.server.exec.RequestStopIfSingleUsedDaemon.execute(Lorg/gradle/launcher/daemon/server/api/DaemonCommandExecution;)V+33
j  org.gradle.launcher.daemon.server.api.DaemonCommandExecution.proceed()Z+23
j  org.gradle.launcher.daemon.server.exec.ForwardClientInput$2.create()Ljava/lang/Void;+4
j  org.gradle.launcher.daemon.server.exec.ForwardClientInput$2.create()Ljava/lang/Object;+1
j  org.gradle.util.internal.Swapper.swap(Ljava/lang/Object;Lorg/gradle/internal/Factory;)Ljava/lang/Object;+21
j  org.gradle.launcher.daemon.server.exec.ForwardClientInput.execute(Lorg/gradle/launcher/daemon/server/api/DaemonCommandExecution;)V+63
j  org.gradle.launcher.daemon.server.api.DaemonCommandExecution.proceed()Z+23
j  org.gradle.launcher.daemon.server.exec.LogAndCheckHealth.execute(Lorg/gradle/launcher/daemon/server/api/DaemonCommandExecution;)V+51
j  org.gradle.launcher.daemon.server.api.DaemonCommandExecution.proceed()Z+23
j  org.gradle.launcher.daemon.server.exec.LogToClient.doBuild(Lorg/gradle/launcher/daemon/server/api/DaemonCommandExecution;Lorg/gradle/launcher/daemon/protocol/Build;)V+87
j  org.gradle.launcher.daemon.server.exec.BuildCommandOnly.execute(Lorg/gradle/launcher/daemon/server/api/DaemonCommandExecution;)V+49
j  org.gradle.launcher.daemon.server.api.DaemonCommandExecution.proceed()Z+23
j  org.gradle.launcher.daemon.server.exec.EstablishBuildEnvironment.doBuild(Lorg/gradle/launcher/daemon/server/api/DaemonCommandExecution;Lorg/gradle/launcher/daemon/protocol/Build;)V+356
j  org.gradle.launcher.daemon.server.exec.BuildCommandOnly.execute(Lorg/gradle/launcher/daemon/server/api/DaemonCommandExecution;)V+49
j  org.gradle.launcher.daemon.server.api.DaemonCommandExecution.proceed()Z+23
j  org.gradle.launcher.daemon.server.exec.StartBuildOrRespondWithBusy$1.run()V+44
j  org.gradle.launcher.daemon.server.DaemonStateCoordinator$1.run()V+4
j  org.gradle.internal.concurrent.ExecutorPolicy$CatchAndRecordFailures.onExecute(Ljava/lang/Runnable;)V+1
j  org.gradle.internal.concurrent.AbstractManagedExecutor$1.run()V+25
j  java.util.concurrent.ThreadPoolExecutor.runWorker(Ljava/util/concurrent/ThreadPoolExecutor$Worker;)V+92 java.base@17.0.11
j  java.util.concurrent.ThreadPoolExecutor$Worker.run()V+5 java.base@17.0.11
j  java.lang.Thread.run()V+11 java.base@17.0.11
v  ~StubRoutines::call_stub

---------------  P R O C E S S  ---------------

Threads class SMR info:
_java_thread_list=0x000001c3ae5a5b60, length=22, elements={
0x000001c3ec98dc10, 0x000001c3fdf93920, 0x000001c3fdf946b0, 0x000001c3fdfa9020,
0x000001c3fdfaba00, 0x000001c3fdfac2d0, 0x000001c3fdfacba0, 0x000001c3fdfaf860,
0x000001c3fdfb1640, 0x000001c3fdfb3f60, 0x000001c3fe1bd060, 0x000001c3fe29b910,
0x000001c3aeaeb860, 0x000001c3ae13f650, 0x000001c3aeaeab50, 0x000001c3ffcee900,
0x000001c3aebae040, 0x000001c3ff970210, 0x000001c3ff96d990, 0x000001c3ff96e8c0,
0x000001c3ff96edd0, 0x000001c3ff970720
}

Java Threads: ( => current thread )
  0x000001c3ec98dc10 JavaThread "main" [_thread_blocked, id=14972, stack(0x0000005419a00000,0x0000005419b00000)]
  0x000001c3fdf93920 JavaThread "Reference Handler" daemon [_thread_blocked, id=17048, stack(0x000000541a100000,0x000000541a200000)]
  0x000001c3fdf946b0 JavaThread "Finalizer" daemon [_thread_blocked, id=16012, stack(0x000000541a200000,0x000000541a300000)]
  0x000001c3fdfa9020 JavaThread "Signal Dispatcher" daemon [_thread_blocked, id=4080, stack(0x000000541a300000,0x000000541a400000)]
  0x000001c3fdfaba00 JavaThread "Attach Listener" daemon [_thread_blocked, id=8976, stack(0x000000541a400000,0x000000541a500000)]
  0x000001c3fdfac2d0 JavaThread "Service Thread" daemon [_thread_blocked, id=5328, stack(0x000000541a500000,0x000000541a600000)]
  0x000001c3fdfacba0 JavaThread "Monitor Deflation Thread" daemon [_thread_blocked, id=13064, stack(0x000000541a600000,0x000000541a700000)]
  0x000001c3fdfaf860 JavaThread "C2 CompilerThread0" daemon [_thread_blocked, id=12508, stack(0x000000541a700000,0x000000541a800000)]
  0x000001c3fdfb1640 JavaThread "C1 CompilerThread0" daemon [_thread_blocked, id=11164, stack(0x000000541a800000,0x000000541a900000)]
  0x000001c3fdfb3f60 JavaThread "Sweeper thread" daemon [_thread_blocked, id=11212, stack(0x000000541a900000,0x000000541aa00000)]
  0x000001c3fe1bd060 JavaThread "Common-Cleaner" daemon [_thread_blocked, id=9944, stack(0x000000541aa00000,0x000000541ab00000)]
  0x000001c3fe29b910 JavaThread "Notification Thread" daemon [_thread_blocked, id=14236, stack(0x000000541ac00000,0x000000541ad00000)]
  0x000001c3aeaeb860 JavaThread "Daemon health stats" [_thread_blocked, id=10664, stack(0x000000541b200000,0x000000541b300000)]
  0x000001c3ae13f650 JavaThread "Incoming local TCP Connector on port 51044" [_thread_in_native, id=4672, stack(0x000000541b300000,0x000000541b400000)]
  0x000001c3aeaeab50 JavaThread "Daemon periodic checks" [_thread_blocked, id=9116, stack(0x000000541b400000,0x000000541b500000)]
  0x000001c3ffcee900 JavaThread "Daemon" [_thread_blocked, id=11124, stack(0x000000541b500000,0x000000541b600000)]
  0x000001c3aebae040 JavaThread "Handler for socket connection from /127.0.0.1:51044 to /127.0.0.1:51045" [_thread_in_native, id=17092, stack(0x000000541b600000,0x000000541b700000)]
  0x000001c3ff970210 JavaThread "Cancel handler" [_thread_blocked, id=9832, stack(0x000000541b700000,0x000000541b800000)]
=>0x000001c3ff96d990 JavaThread "Daemon worker" [_thread_in_vm, id=2316, stack(0x000000541b800000,0x000000541b900000)]
  0x000001c3ff96e8c0 JavaThread "Asynchronous log dispatcher for DefaultDaemonConnection: socket connection from /127.0.0.1:51044 to /127.0.0.1:51045" [_thread_blocked, id=16124, stack(0x000000541b900000,0x000000541ba00000)]
  0x000001c3ff96edd0 JavaThread "Stdin handler" [_thread_blocked, id=11652, stack(0x000000541ba00000,0x000000541bb00000)]
  0x000001c3ff970720 JavaThread "Daemon client event forwarder" [_thread_blocked, id=13624, stack(0x000000541bb00000,0x000000541bc00000)]

Other Threads:
  0x000001c3fdf91e20 VMThread "VM Thread" [stack: 0x000000541a000000,0x000000541a100000] [id=3136]
  0x000001c3ec8bb890 WatcherThread [stack: 0x000000541ad00000,0x000000541ae00000] [id=10492]
  0x000001c3ec9e9b20 GCTaskThread "GC Thread#0" [stack: 0x0000005419b00000,0x0000005419c00000] [id=12396]
  0x000001c3fe3ac9f0 GCTaskThread "GC Thread#1" [stack: 0x000000541ae00000,0x000000541af00000] [id=11692]
  0x000001c3fe3ac1b0 GCTaskThread "GC Thread#2" [stack: 0x000000541af00000,0x000000541b000000] [id=2848]
  0x000001c3fe3ac470 GCTaskThread "GC Thread#3" [stack: 0x000000541b000000,0x000000541b100000] [id=1724]
  0x000001c3fe3abc30 GCTaskThread "GC Thread#4" [stack: 0x000000541b100000,0x000000541b200000] [id=9684]
  0x000001c3ec9fa150 ConcurrentGCThread "G1 Main Marker" [stack: 0x0000005419c00000,0x0000005419d00000] [id=4888]
  0x000001c3ec9fb210 ConcurrentGCThread "G1 Conc#0" [stack: 0x0000005419d00000,0x0000005419e00000] [id=12904]
  0x000001c3eca4e620 ConcurrentGCThread "G1 Refine#0" [stack: 0x0000005419e00000,0x0000005419f00000] [id=16908]
  0x000001c3fde480e0 ConcurrentGCThread "G1 Service" [stack: 0x0000005419f00000,0x000000541a000000] [id=2192]

Threads with active compile tasks:

VM state: not at safepoint (normal execution)

VM Mutex/Monitor currently owned by a thread:  ([mutex/lock_event])
[0x000001c3ec9880c0] Metaspace_lock - owner thread: 0x000001c3ff96d990

Heap address: 0x0000000080000000, size: 2048 MB, Compressed Oops mode: 32-bit

CDS archive(s) mapped at: [0x000001c38f000000-0x000001c38fbd0000-0x000001c38fbd0000), size 12386304, SharedBaseAddress: 0x000001c38f000000, ArchiveRelocationMode: 1.
Compressed class space mapped at: 0x000001c390000000-0x000001c3aa000000, reserved size: 436207616
Narrow klass base: 0x000001c38f000000, Narrow klass shift: 0, Narrow klass range: 0x100000000

GC Precious Log:
 CPUs: 12 total, 12 available
 Memory: 7502M
 Large Page Support: Disabled
 NUMA Support: Disabled
 Compressed Oops: Enabled (32-bit)
 Heap Region Size: 1M
 Heap Min Capacity: 8M
 Heap Initial Capacity: 118M
 Heap Max Capacity: 2G
 Pre-touch: Disabled
 Parallel Workers: 10
 Concurrent Workers: 3
 Concurrent Refinement Workers: 10
 Periodic GC: Disabled

Heap:
 garbage-first heap   total 120832K, used 61592K [0x0000000080000000, 0x0000000100000000)
  region size 1024K, 50 young (51200K), 1 survivors (1024K)
 Metaspace       used 11334K, committed 11520K, reserved 491520K
  class space    used 1538K, committed 1664K, reserved 425984K

Heap Regions: E=young(eden), S=young(survivor), O=old, HS=humongous(starts), HC=humongous(continues), CS=collection set, F=free, OA=open archive, CA=closed archive, TAMS=top-at-mark-start (previous, next)
|   0|0x0000000080000000, 0x0000000080100000, 0x0000000080100000|100%|HS|  |TAMS 0x0000000080000000, 0x0000000080000000| Complete 
|   1|0x0000000080100000, 0x0000000080200000, 0x0000000080200000|100%|HC|  |TAMS 0x0000000080100000, 0x0000000080100000| Complete 
|   2|0x0000000080200000, 0x0000000080300000, 0x0000000080300000|100%|HC|  |TAMS 0x0000000080200000, 0x0000000080200000| Complete 
|   3|0x0000000080300000, 0x0000000080400000, 0x0000000080400000|100%|HC|  |TAMS 0x0000000080300000, 0x0000000080300000| Complete 
|   4|0x0000000080400000, 0x0000000080500000, 0x0000000080500000|100%| O|  |TAMS 0x0000000080400000, 0x0000000080400000| Untracked 
|   5|0x0000000080500000, 0x0000000080600000, 0x0000000080600000|100%| O|  |TAMS 0x0000000080500000, 0x0000000080500000| Untracked 
|   6|0x0000000080600000, 0x0000000080700000, 0x0000000080700000|100%| O|  |TAMS 0x0000000080600000, 0x0000000080600000| Untracked 
|   7|0x0000000080700000, 0x0000000080800000, 0x0000000080800000|100%| O|  |TAMS 0x0000000080700000, 0x0000000080700000| Untracked 
|   8|0x0000000080800000, 0x0000000080900000, 0x0000000080900000|100%| O|  |TAMS 0x0000000080800000, 0x0000000080800000| Untracked 
|   9|0x0000000080900000, 0x0000000080a00000, 0x0000000080a00000|100%| O|  |TAMS 0x0000000080900000, 0x0000000080900000| Untracked 
|  10|0x0000000080a00000, 0x0000000080a6fc00, 0x0000000080b00000| 43%| O|  |TAMS 0x0000000080a00000, 0x0000000080a00000| Untracked 
|  11|0x0000000080b00000, 0x0000000080c00000, 0x0000000080c00000|100%|HS|  |TAMS 0x0000000080b00000, 0x0000000080b00000| Complete 
|  12|0x0000000080c00000, 0x0000000080c00000, 0x0000000080d00000|  0%| F|  |TAMS 0x0000000080c00000, 0x0000000080c00000| Untracked 
|  13|0x0000000080d00000, 0x0000000080d00000, 0x0000000080e00000|  0%| F|  |TAMS 0x0000000080d00000, 0x0000000080d00000| Untracked 
|  14|0x0000000080e00000, 0x0000000080e00000, 0x0000000080f00000|  0%| F|  |TAMS 0x0000000080e00000, 0x0000000080e00000| Untracked 
|  15|0x0000000080f00000, 0x0000000080f00000, 0x0000000081000000|  0%| F|  |TAMS 0x0000000080f00000, 0x0000000080f00000| Untracked 
|  16|0x0000000081000000, 0x0000000081000000, 0x0000000081100000|  0%| F|  |TAMS 0x0000000081000000, 0x0000000081000000| Untracked 
|  17|0x0000000081100000, 0x0000000081100000, 0x0000000081200000|  0%| F|  |TAMS 0x0000000081100000, 0x0000000081100000| Untracked 
|  18|0x0000000081200000, 0x0000000081200000, 0x0000000081300000|  0%| F|  |TAMS 0x0000000081200000, 0x0000000081200000| Untracked 
|  19|0x0000000081300000, 0x0000000081300000, 0x0000000081400000|  0%| F|  |TAMS 0x0000000081300000, 0x0000000081300000| Untracked 
|  20|0x0000000081400000, 0x0000000081400000, 0x0000000081500000|  0%| F|  |TAMS 0x0000000081400000, 0x0000000081400000| Untracked 
|  21|0x0000000081500000, 0x0000000081500000, 0x0000000081600000|  0%| F|  |TAMS 0x0000000081500000, 0x0000000081500000| Untracked 
|  22|0x0000000081600000, 0x0000000081600000, 0x0000000081700000|  0%| F|  |TAMS 0x0000000081600000, 0x0000000081600000| Untracked 
|  23|0x0000000081700000, 0x0000000081700000, 0x0000000081800000|  0%| F|  |TAMS 0x0000000081700000, 0x0000000081700000| Untracked 
|  24|0x0000000081800000, 0x0000000081800000, 0x0000000081900000|  0%| F|  |TAMS 0x0000000081800000, 0x0000000081800000| Untracked 
|  25|0x0000000081900000, 0x0000000081900000, 0x0000000081a00000|  0%| F|  |TAMS 0x0000000081900000, 0x0000000081900000| Untracked 
|  26|0x0000000081a00000, 0x0000000081a00000, 0x0000000081b00000|  0%| F|  |TAMS 0x0000000081a00000, 0x0000000081a00000| Untracked 
|  27|0x0000000081b00000, 0x0000000081b00000, 0x0000000081c00000|  0%| F|  |TAMS 0x0000000081b00000, 0x0000000081b00000| Untracked 
|  28|0x0000000081c00000, 0x0000000081c00000, 0x0000000081d00000|  0%| F|  |TAMS 0x0000000081c00000, 0x0000000081c00000| Untracked 
|  29|0x0000000081d00000, 0x0000000081d00000, 0x0000000081e00000|  0%| F|  |TAMS 0x0000000081d00000, 0x0000000081d00000| Untracked 
|  30|0x0000000081e00000, 0x0000000081e00000, 0x0000000081f00000|  0%| F|  |TAMS 0x0000000081e00000, 0x0000000081e00000| Untracked 
|  31|0x0000000081f00000, 0x0000000081f00000, 0x0000000082000000|  0%| F|  |TAMS 0x0000000081f00000, 0x0000000081f00000| Untracked 
|  32|0x0000000082000000, 0x0000000082000000, 0x0000000082100000|  0%| F|  |TAMS 0x0000000082000000, 0x0000000082000000| Untracked 
|  33|0x0000000082100000, 0x0000000082100000, 0x0000000082200000|  0%| F|  |TAMS 0x0000000082100000, 0x0000000082100000| Untracked 
|  34|0x0000000082200000, 0x0000000082200000, 0x0000000082300000|  0%| F|  |TAMS 0x0000000082200000, 0x0000000082200000| Untracked 
|  35|0x0000000082300000, 0x0000000082300000, 0x0000000082400000|  0%| F|  |TAMS 0x0000000082300000, 0x0000000082300000| Untracked 
|  36|0x0000000082400000, 0x0000000082400000, 0x0000000082500000|  0%| F|  |TAMS 0x0000000082400000, 0x0000000082400000| Untracked 
|  37|0x0000000082500000, 0x0000000082500000, 0x0000000082600000|  0%| F|  |TAMS 0x0000000082500000, 0x0000000082500000| Untracked 
|  38|0x0000000082600000, 0x0000000082600000, 0x0000000082700000|  0%| F|  |TAMS 0x0000000082600000, 0x0000000082600000| Untracked 
|  39|0x0000000082700000, 0x0000000082700000, 0x0000000082800000|  0%| F|  |TAMS 0x0000000082700000, 0x0000000082700000| Untracked 
|  40|0x0000000082800000, 0x0000000082800000, 0x0000000082900000|  0%| F|  |TAMS 0x0000000082800000, 0x0000000082800000| Untracked 
|  41|0x0000000082900000, 0x0000000082900000, 0x0000000082a00000|  0%| F|  |TAMS 0x0000000082900000, 0x0000000082900000| Untracked 
|  42|0x0000000082a00000, 0x0000000082a00000, 0x0000000082b00000|  0%| F|  |TAMS 0x0000000082a00000, 0x0000000082a00000| Untracked 
|  43|0x0000000082b00000, 0x0000000082b00000, 0x0000000082c00000|  0%| F|  |TAMS 0x0000000082b00000, 0x0000000082b00000| Untracked 
|  44|0x0000000082c00000, 0x0000000082c00000, 0x0000000082d00000|  0%| F|  |TAMS 0x0000000082c00000, 0x0000000082c00000| Untracked 
|  45|0x0000000082d00000, 0x0000000082d00000, 0x0000000082e00000|  0%| F|  |TAMS 0x0000000082d00000, 0x0000000082d00000| Untracked 
|  46|0x0000000082e00000, 0x0000000082e00000, 0x0000000082f00000|  0%| F|  |TAMS 0x0000000082e00000, 0x0000000082e00000| Untracked 
|  47|0x0000000082f00000, 0x0000000082f00000, 0x0000000083000000|  0%| F|  |TAMS 0x0000000082f00000, 0x0000000082f00000| Untracked 
|  48|0x0000000083000000, 0x0000000083000000, 0x0000000083100000|  0%| F|  |TAMS 0x0000000083000000, 0x0000000083000000| Untracked 
|  49|0x0000000083100000, 0x0000000083100000, 0x0000000083200000|  0%| F|  |TAMS 0x0000000083100000, 0x0000000083100000| Untracked 
|  50|0x0000000083200000, 0x0000000083200000, 0x0000000083300000|  0%| F|  |TAMS 0x0000000083200000, 0x0000000083200000| Untracked 
|  51|0x0000000083300000, 0x0000000083300000, 0x0000000083400000|  0%| F|  |TAMS 0x0000000083300000, 0x0000000083300000| Untracked 
|  52|0x0000000083400000, 0x0000000083400000, 0x0000000083500000|  0%| F|  |TAMS 0x0000000083400000, 0x0000000083400000| Untracked 
|  53|0x0000000083500000, 0x0000000083500000, 0x0000000083600000|  0%| F|  |TAMS 0x0000000083500000, 0x0000000083500000| Untracked 
|  54|0x0000000083600000, 0x0000000083600000, 0x0000000083700000|  0%| F|  |TAMS 0x0000000083600000, 0x0000000083600000| Untracked 
|  55|0x0000000083700000, 0x0000000083700000, 0x0000000083800000|  0%| F|  |TAMS 0x0000000083700000, 0x0000000083700000| Untracked 
|  56|0x0000000083800000, 0x0000000083800000, 0x0000000083900000|  0%| F|  |TAMS 0x0000000083800000, 0x0000000083800000| Untracked 
|  57|0x0000000083900000, 0x0000000083900000, 0x0000000083a00000|  0%| F|  |TAMS 0x0000000083900000, 0x0000000083900000| Untracked 
|  58|0x0000000083a00000, 0x0000000083a00000, 0x0000000083b00000|  0%| F|  |TAMS 0x0000000083a00000, 0x0000000083a00000| Untracked 
|  59|0x0000000083b00000, 0x0000000083b00000, 0x0000000083c00000|  0%| F|  |TAMS 0x0000000083b00000, 0x0000000083b00000| Untracked 
|  60|0x0000000083c00000, 0x0000000083c00000, 0x0000000083d00000|  0%| F|  |TAMS 0x0000000083c00000, 0x0000000083c00000| Untracked 
|  61|0x0000000083d00000, 0x0000000083d00000, 0x0000000083e00000|  0%| F|  |TAMS 0x0000000083d00000, 0x0000000083d00000| Untracked 
|  62|0x0000000083e00000, 0x0000000083e00000, 0x0000000083f00000|  0%| F|  |TAMS 0x0000000083e00000, 0x0000000083e00000| Untracked 
|  63|0x0000000083f00000, 0x0000000083f00000, 0x0000000084000000|  0%| F|  |TAMS 0x0000000083f00000, 0x0000000083f00000| Untracked 
|  64|0x0000000084000000, 0x0000000084000000, 0x0000000084100000|  0%| F|  |TAMS 0x0000000084000000, 0x0000000084000000| Untracked 
|  65|0x0000000084100000, 0x0000000084100000, 0x0000000084200000|  0%| F|  |TAMS 0x0000000084100000, 0x0000000084100000| Untracked 
|  66|0x0000000084200000, 0x0000000084200000, 0x0000000084300000|  0%| F|  |TAMS 0x0000000084200000, 0x0000000084200000| Untracked 
|  67|0x0000000084300000, 0x0000000084300000, 0x0000000084400000|  0%| F|  |TAMS 0x0000000084300000, 0x0000000084300000| Untracked 
|  68|0x0000000084400000, 0x000000008440ffb8, 0x0000000084500000|  6%| E|  |TAMS 0x0000000084400000, 0x0000000084400000| Complete 
|  69|0x0000000084500000, 0x0000000084600000, 0x0000000084600000|100%| E|CS|TAMS 0x0000000084500000, 0x0000000084500000| Complete 
|  70|0x0000000084600000, 0x0000000084700000, 0x0000000084700000|100%| E|CS|TAMS 0x0000000084600000, 0x0000000084600000| Complete 
|  71|0x0000000084700000, 0x0000000084800000, 0x0000000084800000|100%| E|CS|TAMS 0x0000000084700000, 0x0000000084700000| Complete 
|  72|0x0000000084800000, 0x0000000084900000, 0x0000000084900000|100%| E|CS|TAMS 0x0000000084800000, 0x0000000084800000| Complete 
|  73|0x0000000084900000, 0x0000000084a00000, 0x0000000084a00000|100%| E|CS|TAMS 0x0000000084900000, 0x0000000084900000| Complete 
|  74|0x0000000084a00000, 0x0000000084b00000, 0x0000000084b00000|100%| E|CS|TAMS 0x0000000084a00000, 0x0000000084a00000| Complete 
|  75|0x0000000084b00000, 0x0000000084c00000, 0x0000000084c00000|100%| E|CS|TAMS 0x0000000084b00000, 0x0000000084b00000| Complete 
|  76|0x0000000084c00000, 0x0000000084d00000, 0x0000000084d00000|100%| E|CS|TAMS 0x0000000084c00000, 0x0000000084c00000| Complete 
|  77|0x0000000084d00000, 0x0000000084e00000, 0x0000000084e00000|100%| E|CS|TAMS 0x0000000084d00000, 0x0000000084d00000| Complete 
|  78|0x0000000084e00000, 0x0000000084f00000, 0x0000000084f00000|100%| E|CS|TAMS 0x0000000084e00000, 0x0000000084e00000| Complete 
|  79|0x0000000084f00000, 0x0000000085000000, 0x0000000085000000|100%| E|CS|TAMS 0x0000000084f00000, 0x0000000084f00000| Complete 
|  80|0x0000000085000000, 0x0000000085100000, 0x0000000085100000|100%| E|CS|TAMS 0x0000000085000000, 0x0000000085000000| Complete 
|  81|0x0000000085100000, 0x0000000085200000, 0x0000000085200000|100%| E|CS|TAMS 0x0000000085100000, 0x0000000085100000| Complete 
|  82|0x0000000085200000, 0x0000000085300000, 0x0000000085300000|100%| E|CS|TAMS 0x0000000085200000, 0x0000000085200000| Complete 
|  83|0x0000000085300000, 0x0000000085400000, 0x0000000085400000|100%| E|CS|TAMS 0x0000000085300000, 0x0000000085300000| Complete 
|  84|0x0000000085400000, 0x0000000085500000, 0x0000000085500000|100%| E|CS|TAMS 0x0000000085400000, 0x0000000085400000| Complete 
|  85|0x0000000085500000, 0x0000000085600000, 0x0000000085600000|100%| E|CS|TAMS 0x0000000085500000, 0x0000000085500000| Complete 
|  86|0x0000000085600000, 0x0000000085700000, 0x0000000085700000|100%| E|CS|TAMS 0x0000000085600000, 0x0000000085600000| Complete 
|  87|0x0000000085700000, 0x00000000857b67d8, 0x0000000085800000| 71%| S|CS|TAMS 0x0000000085700000, 0x0000000085700000| Complete 
|  88|0x0000000085800000, 0x0000000085900000, 0x0000000085900000|100%| E|CS|TAMS 0x0000000085800000, 0x0000000085800000| Complete 
|  89|0x0000000085900000, 0x0000000085a00000, 0x0000000085a00000|100%| E|CS|TAMS 0x0000000085900000, 0x0000000085900000| Complete 
|  90|0x0000000085a00000, 0x0000000085b00000, 0x0000000085b00000|100%| E|CS|TAMS 0x0000000085a00000, 0x0000000085a00000| Complete 
|  91|0x0000000085b00000, 0x0000000085c00000, 0x0000000085c00000|100%| E|CS|TAMS 0x0000000085b00000, 0x0000000085b00000| Complete 
|  92|0x0000000085c00000, 0x0000000085d00000, 0x0000000085d00000|100%| E|CS|TAMS 0x0000000085c00000, 0x0000000085c00000| Complete 
|  93|0x0000000085d00000, 0x0000000085e00000, 0x0000000085e00000|100%| E|CS|TAMS 0x0000000085d00000, 0x0000000085d00000| Complete 
|  94|0x0000000085e00000, 0x0000000085f00000, 0x0000000085f00000|100%| E|CS|TAMS 0x0000000085e00000, 0x0000000085e00000| Complete 
|  95|0x0000000085f00000, 0x0000000086000000, 0x0000000086000000|100%| E|CS|TAMS 0x0000000085f00000, 0x0000000085f00000| Complete 
|  96|0x0000000086000000, 0x0000000086100000, 0x0000000086100000|100%| E|CS|TAMS 0x0000000086000000, 0x0000000086000000| Complete 
|  97|0x0000000086100000, 0x0000000086200000, 0x0000000086200000|100%| E|CS|TAMS 0x0000000086100000, 0x0000000086100000| Complete 
|  98|0x0000000086200000, 0x0000000086300000, 0x0000000086300000|100%| E|CS|TAMS 0x0000000086200000, 0x0000000086200000| Complete 
|  99|0x0000000086300000, 0x0000000086400000, 0x0000000086400000|100%| E|CS|TAMS 0x0000000086300000, 0x0000000086300000| Complete 
| 100|0x0000000086400000, 0x0000000086500000, 0x0000000086500000|100%| E|CS|TAMS 0x0000000086400000, 0x0000000086400000| Complete 
| 101|0x0000000086500000, 0x0000000086600000, 0x0000000086600000|100%| E|CS|TAMS 0x0000000086500000, 0x0000000086500000| Complete 
| 102|0x0000000086600000, 0x0000000086700000, 0x0000000086700000|100%| E|CS|TAMS 0x0000000086600000, 0x0000000086600000| Complete 
| 103|0x0000000086700000, 0x0000000086800000, 0x0000000086800000|100%| E|CS|TAMS 0x0000000086700000, 0x0000000086700000| Complete 
| 104|0x0000000086800000, 0x0000000086900000, 0x0000000086900000|100%| E|CS|TAMS 0x0000000086800000, 0x0000000086800000| Complete 
| 105|0x0000000086900000, 0x0000000086a00000, 0x0000000086a00000|100%| E|CS|TAMS 0x0000000086900000, 0x0000000086900000| Complete 
| 106|0x0000000086a00000, 0x0000000086b00000, 0x0000000086b00000|100%| E|CS|TAMS 0x0000000086a00000, 0x0000000086a00000| Complete 
| 107|0x0000000086b00000, 0x0000000086c00000, 0x0000000086c00000|100%| E|CS|TAMS 0x0000000086b00000, 0x0000000086b00000| Complete 
| 108|0x0000000086c00000, 0x0000000086d00000, 0x0000000086d00000|100%| E|CS|TAMS 0x0000000086c00000, 0x0000000086c00000| Complete 
| 109|0x0000000086d00000, 0x0000000086e00000, 0x0000000086e00000|100%| E|CS|TAMS 0x0000000086d00000, 0x0000000086d00000| Complete 
| 110|0x0000000086e00000, 0x0000000086f00000, 0x0000000086f00000|100%| E|CS|TAMS 0x0000000086e00000, 0x0000000086e00000| Complete 
| 111|0x0000000086f00000, 0x0000000087000000, 0x0000000087000000|100%| E|CS|TAMS 0x0000000086f00000, 0x0000000086f00000| Complete 
| 112|0x0000000087000000, 0x0000000087100000, 0x0000000087100000|100%| E|CS|TAMS 0x0000000087000000, 0x0000000087000000| Complete 
| 113|0x0000000087100000, 0x0000000087200000, 0x0000000087200000|100%| E|CS|TAMS 0x0000000087100000, 0x0000000087100000| Complete 
| 114|0x0000000087200000, 0x0000000087300000, 0x0000000087300000|100%| E|CS|TAMS 0x0000000087200000, 0x0000000087200000| Complete 
| 115|0x0000000087300000, 0x0000000087400000, 0x0000000087400000|100%| E|CS|TAMS 0x0000000087300000, 0x0000000087300000| Complete 
| 116|0x0000000087400000, 0x0000000087500000, 0x0000000087500000|100%| E|CS|TAMS 0x0000000087400000, 0x0000000087400000| Complete 
| 117|0x0000000087500000, 0x0000000087600000, 0x0000000087600000|100%| E|CS|TAMS 0x0000000087500000, 0x0000000087500000| Complete 

Card table byte_map: [0x000001c3f6ad0000,0x000001c3f6ed0000] _byte_map_base: 0x000001c3f66d0000

Marking Bits (Prev, Next): (CMBitMap*) 0x000001c3ec8ba9d0, (CMBitMap*) 0x000001c3ec8baa10
 Prev Bits: [0x000001c3f72d0000, 0x000001c3f92d0000)
 Next Bits: [0x000001c3f92d0000, 0x000001c3fb2d0000)

Polling page: 0x000001c3eca50000

Metaspace:

Usage:
  Non-class:      9.57 MB used.
      Class:      1.50 MB used.
       Both:     11.07 MB used.

Virtual space:
  Non-class space:       64.00 MB reserved,       9.62 MB ( 15%) committed,  1 nodes.
      Class space:      416.00 MB reserved,       1.62 MB ( <1%) committed,  1 nodes.
             Both:      480.00 MB reserved,      11.25 MB (  2%) committed. 

Chunk freelists:
   Non-Class:  6.36 MB
       Class:  14.36 MB
        Both:  20.72 MB

MaxMetaspaceSize: 512.00 MB
CompressedClassSpaceSize: 416.00 MB
Initial GC threshold: 21.00 MB
Current GC threshold: 21.00 MB
CDS: on
MetaspaceReclaimPolicy: balanced
 - commit_granule_bytes: 65536.
 - commit_granule_words: 8192.
 - virtual_space_node_default_size: 8388608.
 - enlarge_chunks_in_place: 1.
 - new_chunks_are_fully_committed: 0.
 - uncommit_free_chunks: 1.
 - use_allocation_guard: 0.
 - handle_deallocations: 1.


Internal statistics:

num_allocs_failed_limit: 0.
num_arena_births: 112.
num_arena_deaths: 0.
num_vsnodes_births: 2.
num_vsnodes_deaths: 0.
num_space_committed: 180.
num_space_uncommitted: 0.
num_chunks_returned_to_freelist: 0.
num_chunks_taken_from_freelist: 413.
num_chunk_merges: 0.
num_chunk_splits: 284.
num_chunks_enlarged: 226.
num_inconsistent_stats: 0.

CodeHeap 'non-profiled nmethods': size=120000Kb used=1050Kb max_used=1050Kb free=118949Kb
 bounds [0x000001c387ad0000, 0x000001c387d40000, 0x000001c38f000000]
CodeHeap 'profiled nmethods': size=120000Kb used=4025Kb max_used=4025Kb free=115974Kb
 bounds [0x000001c380000000, 0x000001c3803f0000, 0x000001c387530000]
CodeHeap 'non-nmethods': size=5760Kb used=1202Kb max_used=1222Kb free=4558Kb
 bounds [0x000001c387530000, 0x000001c3877a0000, 0x000001c387ad0000]
 total_blobs=2500 nmethods=1995 adapters=418
 compilation: enabled
              stopped_count=0, restarted_count=0
 full_count=0

Compilation events (20 events):
Event: 2.725 Thread 0x000001c3fdfb1640 1987       3       jdk.internal.org.objectweb.asm.MethodWriter::putFrame (549 bytes)
Event: 2.726 Thread 0x000001c3fdfaf860 1990       4       java.lang.Object::equals (11 bytes)
Event: 2.726 Thread 0x000001c3fdfaf860 nmethod 1990 0x000001c387bd6310 code [0x000001c387bd6480, 0x000001c387bd6518]
Event: 2.727 Thread 0x000001c3fdfb1640 nmethod 1987 0x000001c3803e9790 code [0x000001c3803e9c00, 0x000001c3803eb778]
Event: 2.727 Thread 0x000001c3fdfb1640 1988       3       java.lang.PublicMethods$MethodList::<init> (10 bytes)
Event: 2.727 Thread 0x000001c3fdfb1640 nmethod 1988 0x000001c3803ec390 code [0x000001c3803ec520, 0x000001c3803ec6d8]
Event: 2.727 Thread 0x000001c3fdfb1640 1989   !   3       sun.reflect.generics.factory.CoreReflectionFactory::makeNamedType (21 bytes)
Event: 2.728 Thread 0x000001c3fdfb1640 nmethod 1989 0x000001c3803ec790 code [0x000001c3803ec940, 0x000001c3803ecb88]
Event: 2.729 Thread 0x000001c3fdfb1640 1991       3       java.util.stream.AbstractPipeline::isParallel (8 bytes)
Event: 2.729 Thread 0x000001c3fdfb1640 nmethod 1991 0x000001c3803ecd10 code [0x000001c3803ecea0, 0x000001c3803ecfb8]
Event: 2.730 Thread 0x000001c3fdfb1640 1992       3       java.lang.invoke.DirectMethodHandle$Holder::newInvokeSpecial (24 bytes)
Event: 2.730 Thread 0x000001c3fdfb1640 nmethod 1992 0x000001c3803ed090 code [0x000001c3803ed280, 0x000001c3803ed928]
Event: 2.730 Thread 0x000001c3fdfb1640 1993       3       java.util.stream.PipelineHelper::<init> (5 bytes)
Event: 2.730 Thread 0x000001c3fdfb1640 nmethod 1993 0x000001c3803edb10 code [0x000001c3803edca0, 0x000001c3803eddf8]
Event: 2.733 Thread 0x000001c3fdfb1640 1994       3       java.lang.reflect.Modifier::isAbstract (14 bytes)
Event: 2.734 Thread 0x000001c3fdfb1640 nmethod 1994 0x000001c3803ede90 code [0x000001c3803ee020, 0x000001c3803ee178]
Event: 2.734 Thread 0x000001c3fdfb1640 1995       1       java.lang.invoke.MethodHandleNatives::isPullModeBSM (2 bytes)
Event: 2.734 Thread 0x000001c3fdfb1640 nmethod 1995 0x000001c387bd6610 code [0x000001c387bd67a0, 0x000001c387bd6858]
Event: 2.735 Thread 0x000001c3fdfb1640 1996       3       java.lang.invoke.ConstantCallSite::getTarget (20 bytes)
Event: 2.735 Thread 0x000001c3fdfb1640 nmethod 1996 0x000001c3803ee210 code [0x000001c3803ee3c0, 0x000001c3803ee5e8]

GC Heap History (4 events):
Event: 0.746 GC heap before
{Heap before GC invocations=0 (full 0):
 garbage-first heap   total 120832K, used 26624K [0x0000000080000000, 0x0000000100000000)
  region size 1024K, 23 young (23552K), 0 survivors (0K)
 Metaspace       used 3046K, committed 3136K, reserved 491520K
  class space    used 392K, committed 448K, reserved 425984K
}
Event: 0.753 GC heap after
{Heap after GC invocations=1 (full 0):
 garbage-first heap   total 120832K, used 10664K [0x0000000080000000, 0x0000000100000000)
  region size 1024K, 3 young (3072K), 3 survivors (3072K)
 Metaspace       used 3046K, committed 3136K, reserved 491520K
  class space    used 392K, committed 448K, reserved 425984K
}
Event: 1.374 GC heap before
{Heap before GC invocations=1 (full 0):
 garbage-first heap   total 120832K, used 38312K [0x0000000080000000, 0x0000000100000000)
  region size 1024K, 30 young (30720K), 3 survivors (3072K)
 Metaspace       used 3967K, committed 4160K, reserved 491520K
  class space    used 489K, committed 576K, reserved 425984K
}
Event: 1.379 GC heap after
{Heap after GC invocations=2 (full 0):
 garbage-first heap   total 120832K, used 11416K [0x0000000080000000, 0x0000000100000000)
  region size 1024K, 1 young (1024K), 1 survivors (1024K)
 Metaspace       used 3967K, committed 4160K, reserved 491520K
  class space    used 489K, committed 576K, reserved 425984K
}

Deoptimization events (20 events):
Event: 2.508 Thread 0x000001c3ffcee900 Uncommon trap: trap_request=0xffffff45 fr.pc=0x000001c387bbd4b4 relative=0x0000000000001554
Event: 2.508 Thread 0x000001c3ffcee900 Uncommon trap: reason=unstable_if action=reinterpret pc=0x000001c387bbd4b4 method=java.util.concurrent.ConcurrentHashMap.transfer([Ljava/util/concurrent/ConcurrentHashMap$Node;[Ljava/util/concurrent/ConcurrentHashMap$Node;)V @ 26 c2
Event: 2.508 Thread 0x000001c3ffcee900 DEOPT PACKING pc=0x000001c387bbd4b4 sp=0x000000541b5fde60
Event: 2.508 Thread 0x000001c3ffcee900 DEOPT UNPACKING pc=0x000001c3875823a3 sp=0x000000541b5fddd0 mode 2
Event: 2.521 Thread 0x000001c3ff96d990 Uncommon trap: trap_request=0xffffff6e fr.pc=0x000001c387b79264 relative=0x00000000000003c4
Event: 2.521 Thread 0x000001c3ff96d990 Uncommon trap: reason=loop_limit_check action=maybe_recompile pc=0x000001c387b79264 method=java.lang.StringLatin1.indexOf([BI[BII)I @ 37 c2
Event: 2.521 Thread 0x000001c3ff96d990 DEOPT PACKING pc=0x000001c387b79264 sp=0x000000541b8fef90
Event: 2.521 Thread 0x000001c3ff96d990 DEOPT UNPACKING pc=0x000001c3875823a3 sp=0x000000541b8fef18 mode 2
Event: 2.558 Thread 0x000001c3ff96d990 DEOPT PACKING pc=0x000001c3803b64c9 sp=0x000000541b8fd160
Event: 2.558 Thread 0x000001c3ff96d990 DEOPT UNPACKING pc=0x000001c387582b43 sp=0x000000541b8fc670 mode 0
Event: 2.559 Thread 0x000001c3ff96d990 DEOPT PACKING pc=0x000001c3803b64ea sp=0x000000541b8fd090
Event: 2.559 Thread 0x000001c3ff96d990 DEOPT UNPACKING pc=0x000001c387582b43 sp=0x000000541b8fc5a0 mode 0
Event: 2.700 Thread 0x000001c3ff96d990 Uncommon trap: trap_request=0xffffff45 fr.pc=0x000001c387b0e638 relative=0x00000000000003f8
Event: 2.700 Thread 0x000001c3ff96d990 Uncommon trap: reason=unstable_if action=reinterpret pc=0x000001c387b0e638 method=java.util.HashMap.getNode(Ljava/lang/Object;)Ljava/util/HashMap$Node; @ 66 c2
Event: 2.700 Thread 0x000001c3ff96d990 DEOPT PACKING pc=0x000001c387b0e638 sp=0x000000541b8fc410
Event: 2.700 Thread 0x000001c3ff96d990 DEOPT UNPACKING pc=0x000001c3875823a3 sp=0x000000541b8fc390 mode 2
Event: 2.724 Thread 0x000001c3ff96d990 Uncommon trap: trap_request=0xffffff45 fr.pc=0x000001c387b7bd34 relative=0x00000000000003f4
Event: 2.724 Thread 0x000001c3ff96d990 Uncommon trap: reason=unstable_if action=reinterpret pc=0x000001c387b7bd34 method=java.util.concurrent.ConcurrentHashMap.get(Ljava/lang/Object;)Ljava/lang/Object; @ 152 c2
Event: 2.724 Thread 0x000001c3ff96d990 DEOPT PACKING pc=0x000001c387b7bd34 sp=0x000000541b8fb8e0
Event: 2.724 Thread 0x000001c3ff96d990 DEOPT UNPACKING pc=0x000001c3875823a3 sp=0x000000541b8fb858 mode 2

Classes unloaded (0 events):
No events

Classes redefined (0 events):
No events

Internal exceptions (20 events):
Event: 0.509 Thread 0x000001c3ec98dc10 Exception <a 'java/lang/NoClassDefFoundError'{0x0000000086570340}: org/slf4j/impl/StaticMarkerBinder> (0x0000000086570340) 
thrown [s\open\src\hotspot\share\classfile\systemDictionary.cpp, line 245]
Event: 0.588 Thread 0x000001c3ec98dc10 Exception <a 'java/lang/NoSuchMethodError'{0x00000000863e7850}: 'java.lang.Object java.lang.invoke.DirectMethodHandle$Holder.invokeVirtual(java.lang.Object, java.lang.Object, java.lang.Object, java.lang.Object, java.lang.Object, java.lang.Object, java.lang.Object)'> (0x00000000863e7850) 
thrown [s\open\src\hotspot\share\interpreter\linkResolver.cpp, line 759]
Event: 0.592 Thread 0x000001c3ec98dc10 Exception <a 'java/lang/NoSuchMethodError'{0x00000000863f98e0}: 'java.lang.Object java.lang.invoke.Invokers$Holder.invoker(java.lang.Object, java.lang.Object, java.lang.Object)'> (0x00000000863f98e0) 
thrown [s\open\src\hotspot\share\interpreter\linkResolver.cpp, line 759]
Event: 0.593 Thread 0x000001c3ec98dc10 Exception <a 'java/lang/NoSuchMethodError'{0x0000000086202fd0}: 'java.lang.Object java.lang.invoke.DirectMethodHandle$Holder.invokeStatic(java.lang.Object, java.lang.Object, int)'> (0x0000000086202fd0) 
thrown [s\open\src\hotspot\share\interpreter\linkResolver.cpp, line 759]
Event: 0.595 Thread 0x000001c3ec98dc10 Exception <a 'java/lang/NoSuchMethodError'{0x000000008620ee20}: 'void java.lang.invoke.DelegatingMethodHandle$Holder.delegate(java.lang.Object, java.lang.Object, int, java.lang.Object)'> (0x000000008620ee20) 
thrown [s\open\src\hotspot\share\interpreter\linkResolver.cpp, line 759]
Event: 0.596 Thread 0x000001c3ec98dc10 Exception <a 'java/lang/NoSuchMethodError'{0x0000000086212e58}: 'int java.lang.invoke.DirectMethodHandle$Holder.invokeSpecial(java.lang.Object, java.lang.Object, java.lang.Object)'> (0x0000000086212e58) 
thrown [s\open\src\hotspot\share\interpreter\linkResolver.cpp, line 759]
Event: 0.599 Thread 0x000001c3ec98dc10 Exception <a 'java/lang/NoSuchMethodError'{0x0000000086226730}: 'java.lang.Object java.lang.invoke.Invokers$Holder.invokeExact_MT(java.lang.Object, java.lang.Object, java.lang.Object, java.lang.Object)'> (0x0000000086226730) 
thrown [s\open\src\hotspot\share\interpreter\linkResolver.cpp, line 759]
Event: 0.714 Thread 0x000001c3ec98dc10 Exception <a 'java/lang/NoSuchMethodError'{0x00000000860ed938}: 'int java.lang.invoke.DirectMethodHandle$Holder.invokeStatic(java.lang.Object)'> (0x00000000860ed938) 
thrown [s\open\src\hotspot\share\interpreter\linkResolver.cpp, line 759]
Event: 0.715 Thread 0x000001c3ec98dc10 Exception <a 'java/lang/NoSuchMethodError'{0x00000000860f0de8}: 'int java.lang.invoke.DirectMethodHandle$Holder.invokeStaticInit(java.lang.Object)'> (0x00000000860f0de8) 
thrown [s\open\src\hotspot\share\interpreter\linkResolver.cpp, line 759]
Event: 0.879 Thread 0x000001c3ec98dc10 Exception <a 'java/lang/NoSuchMethodError'{0x00000000871b3cd8}: 'void java.lang.invoke.DirectMethodHandle$Holder.invokeInterface(java.lang.Object, java.lang.Object, java.lang.Object)'> (0x00000000871b3cd8) 
thrown [s\open\src\hotspot\share\interpreter\linkResolver.cpp, line 759]
Event: 1.966 Thread 0x000001c3ec98dc10 Exception <a 'java/lang/NoSuchMethodError'{0x0000000085fbebf8}: 'java.lang.Object java.lang.invoke.DirectMethodHandle$Holder.invokeStaticInit(java.lang.Object)'> (0x0000000085fbebf8) 
thrown [s\open\src\hotspot\share\interpreter\linkResolver.cpp, line 759]
Event: 1.994 Thread 0x000001c3ec98dc10 Exception <a 'java/lang/NoSuchMethodError'{0x0000000085e47a80}: 'java.lang.Object java.lang.invoke.DirectMethodHandle$Holder.invokeInterface(java.lang.Object, java.lang.Object)'> (0x0000000085e47a80) 
thrown [s\open\src\hotspot\share\interpreter\linkResolver.cpp, line 759]
Event: 2.149 Thread 0x000001c3ec98dc10 Exception <a 'java/lang/NoSuchMethodError'{0x00000000858954b8}: 'java.lang.Object java.lang.invoke.DirectMethodHandle$Holder.invokeStaticInit(java.lang.Object, int, int, int, int)'> (0x00000000858954b8) 
thrown [s\open\src\hotspot\share\interpreter\linkResolver.cpp, line 759]
Event: 2.217 Thread 0x000001c3ec98dc10 Exception <a 'java/lang/NoSuchMethodError'{0x0000000085697ff8}: 'java.lang.Object java.lang.invoke.DirectMethodHandle$Holder.invokeStaticInit(java.lang.Object, java.lang.Object, int, int, int, int)'> (0x0000000085697ff8) 
thrown [s\open\src\hotspot\share\interpreter\linkResolver.cpp, line 759]
Event: 2.359 Thread 0x000001c3ec98dc10 Exception <a 'java/lang/NoSuchMethodError'{0x0000000085311cf0}: 'void java.lang.invoke.DirectMethodHandle$Holder.invokeStatic(java.lang.Object, java.lang.Object, java.lang.Object)'> (0x0000000085311cf0) 
thrown [s\open\src\hotspot\share\interpreter\linkResolver.cpp, line 759]
Event: 2.381 Thread 0x000001c3ec98dc10 Exception <a 'java/io/IOException'{0x00000000853cdf08}> (0x00000000853cdf08) 
thrown [s\open\src\hotspot\share\prims\jni.cpp, line 516]
Event: 2.588 Thread 0x000001c3ff96d990 Exception <a 'java/lang/NoSuchMethodError'{0x0000000084ba2818}: 'long java.lang.invoke.DirectMethodHandle$Holder.invokeInterface(java.lang.Object, java.lang.Object)'> (0x0000000084ba2818) 
thrown [s\open\src\hotspot\share\interpreter\linkResolver.cpp, line 759]
Event: 2.594 Thread 0x000001c3ff96d990 Exception <a 'java/lang/NoSuchMethodError'{0x0000000084bdd7f0}: 'java.lang.Object java.lang.invoke.DirectMethodHandle$Holder.invokeVirtual(java.lang.Object, java.lang.Object, java.lang.Object)'> (0x0000000084bdd7f0) 
thrown [s\open\src\hotspot\share\interpreter\linkResolver.cpp, line 759]
Event: 2.660 Thread 0x000001c3ff96d990 Exception <a 'java/lang/NoSuchMethodError'{0x00000000847977d0}: 'void java.lang.invoke.DirectMethodHandle$Holder.invokeStatic(java.lang.Object, java.lang.Object)'> (0x00000000847977d0) 
thrown [s\open\src\hotspot\share\interpreter\linkResolver.cpp, line 759]
Event: 2.717 Thread 0x000001c3ff96d990 Exception <a 'java/lang/NoSuchMethodError'{0x00000000845552b0}: 'java.lang.Object java.lang.invoke.DirectMethodHandle$Holder.newInvokeSpecial(java.lang.Object, java.lang.Object, java.lang.Object, java.lang.Object, java.lang.Object)'> (0x00000000845552b0) 
thrown [s\open\src\hotspot\share\interpreter\linkResolver.cpp, line 759]

VM Operations (20 events):
Event: 1.374 Executing VM operation: G1CollectForAllocation
Event: 1.379 Executing VM operation: G1CollectForAllocation done
Event: 1.926 Executing VM operation: HandshakeAllThreads
Event: 1.926 Executing VM operation: HandshakeAllThreads done
Event: 1.954 Executing VM operation: HandshakeAllThreads
Event: 1.954 Executing VM operation: HandshakeAllThreads done
Event: 1.990 Executing VM operation: HandshakeAllThreads
Event: 1.990 Executing VM operation: HandshakeAllThreads done
Event: 2.074 Executing VM operation: HandshakeAllThreads
Event: 2.074 Executing VM operation: HandshakeAllThreads done
Event: 2.138 Executing VM operation: HandshakeAllThreads
Event: 2.138 Executing VM operation: HandshakeAllThreads done
Event: 2.208 Executing VM operation: HandshakeAllThreads
Event: 2.208 Executing VM operation: HandshakeAllThreads done
Event: 2.358 Executing VM operation: HandshakeAllThreads
Event: 2.358 Executing VM operation: HandshakeAllThreads done
Event: 2.430 Executing VM operation: HandshakeAllThreads
Event: 2.430 Executing VM operation: HandshakeAllThreads done
Event: 2.430 Executing VM operation: Cleanup
Event: 2.430 Executing VM operation: Cleanup done

Events (20 events):
Event: 2.709 loading class sun/reflect/generics/tree/Wildcard
Event: 2.709 loading class sun/reflect/generics/tree/Wildcard done
Event: 2.709 loading class sun/reflect/generics/reflectiveObjects/WildcardTypeImpl
Event: 2.709 loading class sun/reflect/generics/reflectiveObjects/WildcardTypeImpl done
Event: 2.716 loading class java/lang/annotation/ElementType
Event: 2.716 loading class java/lang/annotation/ElementType done
Event: 2.721 loading class java/lang/Deprecated
Event: 2.722 loading class java/lang/Deprecated done
Event: 2.723 loading class jdk/internal/vm/annotation/IntrinsicCandidate
Event: 2.724 loading class jdk/internal/vm/annotation/IntrinsicCandidate done
Event: 2.727 loading class java/util/stream/MatchOps$MatchKind
Event: 2.727 loading class java/util/stream/MatchOps$MatchKind done
Event: 2.728 loading class java/util/stream/MatchOps
Event: 2.728 loading class java/util/stream/MatchOps done
Event: 2.728 loading class java/util/stream/MatchOps$MatchOp
Event: 2.728 loading class java/util/stream/MatchOps$MatchOp done
Event: 2.728 loading class java/util/stream/MatchOps$BooleanTerminalSink
Event: 2.728 loading class java/util/stream/MatchOps$BooleanTerminalSink done
Event: 2.729 loading class java/util/stream/MatchOps$1MatchSink
Event: 2.729 loading class java/util/stream/MatchOps$1MatchSink done


Dynamic libraries:
0x00007ff7149a0000 - 0x00007ff7149b0000 	C:\Program Files\Java\jdk-17\bin\java.exe
0x00007ff977470000 - 0x00007ff977687000 	C:\windows\SYSTEM32\ntdll.dll
0x00007ff975740000 - 0x00007ff975804000 	C:\windows\System32\KERNEL32.DLL
0x00007ff974ac0000 - 0x00007ff974e6d000 	C:\windows\System32\KERNELBASE.dll
0x00007ff974fc0000 - 0x00007ff9750d1000 	C:\windows\System32\ucrtbase.dll
0x00007ff960f50000 - 0x00007ff960f69000 	C:\Program Files\Java\jdk-17\bin\jli.dll
0x00007ff970b50000 - 0x00007ff970b6b000 	C:\Program Files\Java\jdk-17\bin\VCRUNTIME140.dll
0x00007ff9753b0000 - 0x00007ff975462000 	C:\windows\System32\ADVAPI32.dll
0x00007ff976e30000 - 0x00007ff976ed7000 	C:\windows\System32\msvcrt.dll
0x00007ff975630000 - 0x00007ff9756d9000 	C:\windows\System32\sechost.dll
0x00007ff9748a0000 - 0x00007ff9748c8000 	C:\windows\System32\bcrypt.dll
0x00007ff976080000 - 0x00007ff976194000 	C:\windows\System32\RPCRT4.dll
0x00007ff977280000 - 0x00007ff97742e000 	C:\windows\System32\USER32.dll
0x00007ff974e70000 - 0x00007ff974e96000 	C:\windows\System32\win32u.dll
0x00007ff95aeb0000 - 0x00007ff95b143000 	C:\windows\WinSxS\amd64_microsoft.windows.common-controls_6595b64144ccf1df_6.0.22621.3672_none_2713b9d173822955\COMCTL32.dll
0x00007ff9751a0000 - 0x00007ff9751c9000 	C:\windows\System32\GDI32.dll
0x00007ff974ea0000 - 0x00007ff974fb9000 	C:\windows\System32\gdi32full.dll
0x00007ff974800000 - 0x00007ff97489a000 	C:\windows\System32\msvcp_win.dll
0x00007ff96c110000 - 0x00007ff96c11a000 	C:\windows\SYSTEM32\VERSION.dll
0x00007ff975830000 - 0x00007ff975861000 	C:\windows\System32\IMM32.DLL
0x00007ff970b40000 - 0x00007ff970b4c000 	C:\Program Files\Java\jdk-17\bin\vcruntime140_1.dll
0x00007ff95d380000 - 0x00007ff95d40e000 	C:\Program Files\Java\jdk-17\bin\msvcp140.dll
0x00007ff92be80000 - 0x00007ff92ca60000 	C:\Program Files\Java\jdk-17\bin\server\jvm.dll
0x00007ff976200000 - 0x00007ff976208000 	C:\windows\System32\PSAPI.DLL
0x00007ff96ff30000 - 0x00007ff96ff39000 	C:\windows\SYSTEM32\WSOCK32.dll
0x00007ff96fcd0000 - 0x00007ff96fd04000 	C:\windows\SYSTEM32\WINMM.dll
0x00007ff976210000 - 0x00007ff976281000 	C:\windows\System32\WS2_32.dll
0x00007ff9737c0000 - 0x00007ff9737d8000 	C:\windows\SYSTEM32\kernel.appcore.dll
0x00007ff96fc40000 - 0x00007ff96fc4a000 	C:\Program Files\Java\jdk-17\bin\jimage.dll
0x00007ff96c870000 - 0x00007ff96caa2000 	C:\windows\SYSTEM32\DBGHELP.DLL
0x00007ff976ee0000 - 0x00007ff97726d000 	C:\windows\System32\combase.dll
0x00007ff9752d0000 - 0x00007ff9753a7000 	C:\windows\System32\OLEAUT32.dll
0x00007ff95ae70000 - 0x00007ff95aea2000 	C:\windows\SYSTEM32\dbgcore.DLL
0x00007ff974a40000 - 0x00007ff974abb000 	C:\windows\System32\bcryptPrimitives.dll
0x00007ff95f460000 - 0x00007ff95f46e000 	C:\Program Files\Java\jdk-17\bin\instrument.dll
0x00007ff960e70000 - 0x00007ff960e95000 	C:\Program Files\Java\jdk-17\bin\java.dll
0x00007ff95d0c0000 - 0x00007ff95d197000 	C:\Program Files\Java\jdk-17\bin\jsvml.dll
0x00007ff976290000 - 0x00007ff976af8000 	C:\windows\System32\SHELL32.dll
0x00007ff972690000 - 0x00007ff972f8e000 	C:\windows\SYSTEM32\windows.storage.dll
0x00007ff972550000 - 0x00007ff97268f000 	C:\windows\SYSTEM32\wintypes.dll
0x00007ff975e30000 - 0x00007ff975f29000 	C:\windows\System32\SHCORE.dll
0x00007ff9756e0000 - 0x00007ff97573e000 	C:\windows\System32\shlwapi.dll
0x00007ff9746c0000 - 0x00007ff9746e1000 	C:\windows\SYSTEM32\profapi.dll
0x00007ff960dc0000 - 0x00007ff960dd8000 	C:\Program Files\Java\jdk-17\bin\zip.dll
0x00007ff960e50000 - 0x00007ff960e69000 	C:\Program Files\Java\jdk-17\bin\net.dll
0x00007ff971170000 - 0x00007ff9712a6000 	C:\windows\SYSTEM32\WINHTTP.dll
0x00007ff973c30000 - 0x00007ff973c99000 	C:\windows\system32\mswsock.dll
0x00007ff960e30000 - 0x00007ff960e46000 	C:\Program Files\Java\jdk-17\bin\nio.dll
0x00007ff96f150000 - 0x00007ff96f160000 	C:\Program Files\Java\jdk-17\bin\verify.dll
0x00007ff960d90000 - 0x00007ff960db7000 	C:\Users\anasr\.gradle\native\c067742578af261105cb4f569cf0c3c89f3d7b1fecec35dd04571415982c5e48\windows-amd64\native-platform.dll
0x00007ff95cf70000 - 0x00007ff95d0b4000 	C:\Users\anasr\.gradle\native\38dada09dfb8b06ba9b0570ebf7e218e3eb74d4ef43ca46872605cf95ebc2f47\windows-amd64\native-platform-file-events.dll
0x00007ff95f560000 - 0x00007ff95f56a000 	C:\Program Files\Java\jdk-17\bin\management.dll
0x00007ff95f550000 - 0x00007ff95f55b000 	C:\Program Files\Java\jdk-17\bin\management_ext.dll
0x00007ff973e90000 - 0x00007ff973eab000 	C:\windows\SYSTEM32\CRYPTSP.dll
0x00007ff973700000 - 0x00007ff973735000 	C:\windows\system32\rsaenh.dll
0x00007ff973d30000 - 0x00007ff973d58000 	C:\windows\SYSTEM32\USERENV.dll
0x00007ff973eb0000 - 0x00007ff973ebc000 	C:\windows\SYSTEM32\CRYPTBASE.dll
0x00007ff973200000 - 0x00007ff97322d000 	C:\windows\SYSTEM32\IPHLPAPI.DLL
0x00007ff975cf0000 - 0x00007ff975cf9000 	C:\windows\System32\NSI.dll
0x00007ff971060000 - 0x00007ff971079000 	C:\windows\SYSTEM32\dhcpcsvc6.DLL
0x00007ff971020000 - 0x00007ff97103f000 	C:\windows\SYSTEM32\dhcpcsvc.DLL
0x00007ff973270000 - 0x00007ff973368000 	C:\windows\SYSTEM32\DNSAPI.dll
0x00007ff95cef0000 - 0x00007ff95cefe000 	C:\Program Files\Java\jdk-17\bin\sunmscapi.dll
0x00007ff9748d0000 - 0x00007ff974a37000 	C:\windows\System32\CRYPT32.dll
0x00007ff9740a0000 - 0x00007ff9740ce000 	C:\windows\SYSTEM32\ncrypt.dll
0x00007ff974060000 - 0x00007ff974097000 	C:\windows\SYSTEM32\NTASN1.dll
0x00007ff95cee0000 - 0x00007ff95cee8000 	C:\windows\system32\wshunix.dll

dbghelp: loaded successfully - version: 4.0.5 - missing functions: none
symbol engine: initialized successfully - sym options: 0x614 - pdb path: .;C:\Program Files\Java\jdk-17\bin;C:\windows\SYSTEM32;C:\windows\WinSxS\amd64_microsoft.windows.common-controls_6595b64144ccf1df_6.0.22621.3672_none_2713b9d173822955;C:\Program Files\Java\jdk-17\bin\server;C:\Users\anasr\.gradle\native\c067742578af261105cb4f569cf0c3c89f3d7b1fecec35dd04571415982c5e48\windows-amd64;C:\Users\anasr\.gradle\native\38dada09dfb8b06ba9b0570ebf7e218e3eb74d4ef43ca46872605cf95ebc2f47\windows-amd64

VM Arguments:
jvm_args: -XX:MaxMetaspaceSize=512m --add-opens=java.base/java.util=ALL-UNNAMED --add-opens=java.base/java.lang=ALL-UNNAMED --add-opens=java.base/java.lang.invoke=ALL-UNNAMED --add-opens=java.prefs/java.util.prefs=ALL-UNNAMED --add-opens=java.base/java.nio.charset=ALL-UNNAMED --add-opens=java.base/java.net=ALL-UNNAMED --add-opens=java.base/java.util.concurrent.atomic=ALL-UNNAMED -Xmx2048m -Dfile.encoding=windows-1252 -Duser.country=IN -Duser.language=en -Duser.variant -javaagent:C:\Users\anasr\.gradle\wrapper\dists\gradle-8.6-all\3mbtmo166bl6vumsh5k2lkq5h\gradle-8.6\lib\agents\gradle-instrumentation-agent-8.6.jar 
java_command: org.gradle.launcher.daemon.bootstrap.GradleDaemon 8.6
java_class_path (initial): C:\Users\anasr\.gradle\wrapper\dists\gradle-8.6-all\3mbtmo166bl6vumsh5k2lkq5h\gradle-8.6\lib\gradle-launcher-8.6.jar
Launcher Type: SUN_STANDARD

[Global flags]
     intx CICompilerCount                          = 4                                         {product} {ergonomic}
   size_t CompressedClassSpaceSize                 = 436207616                                 {product} {ergonomic}
     uint ConcGCThreads                            = 3                                         {product} {ergonomic}
     uint G1ConcRefinementThreads                  = 10                                        {product} {ergonomic}
   size_t G1HeapRegionSize                         = 1048576                                   {product} {ergonomic}
    uintx GCDrainStackTargetSize                   = 64                                        {product} {ergonomic}
   size_t InitialHeapSize                          = 123731968                                 {product} {ergonomic}
   size_t MarkStackSize                            = 4194304                                   {product} {ergonomic}
   size_t MaxHeapSize                              = 2147483648                                {product} {command line}
   size_t MaxMetaspaceSize                         = 536870912                                 {product} {command line}
   size_t MaxNewSize                               = 1287651328                                {product} {ergonomic}
   size_t MinHeapDeltaBytes                        = 1048576                                   {product} {ergonomic}
   size_t MinHeapSize                              = 8388608                                   {product} {ergonomic}
    uintx NonNMethodCodeHeapSize                   = 5839372                                {pd product} {ergonomic}
    uintx NonProfiledCodeHeapSize                  = 122909434                              {pd product} {ergonomic}
    uintx ProfiledCodeHeapSize                     = 122909434                              {pd product} {ergonomic}
    uintx ReservedCodeCacheSize                    = 251658240                              {pd product} {ergonomic}
     bool SegmentedCodeCache                       = true                                      {product} {ergonomic}
   size_t SoftMaxHeapSize                          = 2147483648                             {manageable} {ergonomic}
     bool UseCompressedClassPointers               = true                           {product lp64_product} {ergonomic}
     bool UseCompressedOops                        = true                           {product lp64_product} {ergonomic}
     bool UseG1GC                                  = true                                      {product} {ergonomic}
     bool UseLargePagesIndividualAllocation        = false                                  {pd product} {ergonomic}

Logging:
Log output configuration:
 #0: stdout all=warning uptime,level,tags
 #1: stderr all=off uptime,level,tags

Environment Variables:
JAVA_HOME=C:\Program Files\Java\jdk-17
CLASSPATH=D:\hotelops\android\\gradle\wrapper\gradle-wrapper.jar
PATH=C:\Program Files\Java\jdk-17\bin;C:\Python311\Scripts\;C:\Python311\;C:\windows\system32;C:\windows;C:\windows\System32\Wbem;C:\windows\System32\WindowsPowerShell\v1.0\;C:\windows\System32\OpenSSH\;C:\ProgramData\chocolatey\bin;C:\Users\anasr\AppData\Local\Android\Sdk\platform-tools;C:\Program Files\Java\jdk-17\bin;C:\Program Files\Git\cmd;C:\Program Files\Git\mingw64\bin;C:\Program Files\Git\usr\bin;C:\Users\anasr\AppData\Roaming\nvm;C:\Program Files\nodejs;C:\Program Files\Java\jdk-17\bin;C:\Users\anasr\.console-ninja\.bin;C:\Users\anasr\AppData\Local\Android\Sdk\tools;C:\Users\anasr\AppData\Local\Microsoft\WindowsApps;C:\Users\anasr\.dotnet\tools;C:\Program Files\Azure Data Studio\bin;C:\Users\anasr\AppData\Roaming\npm;C:\Program Files\Java\jdk-17\bin;C:\Users\anasr\AppData\Local\GitHubDesktop\bin;C:\Users\anasr\AppData\Local\Programs\Microsoft VS Code\bin;C:\Users\anasr\AppData\Roaming\nvm;C:\Program Files\nodejs;
USERNAME=anasr
LANG=en_US.UTF-8
OS=Windows_NT
PROCESSOR_IDENTIFIER=AMD64 Family 23 Model 104 Stepping 1, AuthenticAMD



---------------  S Y S T E M  ---------------

OS:
 Windows 11 , 64 bit Build 22621 (10.0.22621.3958)
OS uptime: 0 days 0:45 hours
Hyper-V role detected

CPU: total 12 (initial active 12) (12 cores per cpu, 2 threads per core) family 23 model 104 stepping 1 microcode 0x0, cx8, cmov, fxsr, ht, mmx, 3dnowpref, sse, sse2, sse3, ssse3, sse4a, sse4.1, sse4.2, popcnt, lzcnt, tsc, tscinvbit, avx, avx2, aes, clmul, bmi1, bmi2, adx, sha, fma, vzeroupper, clflush, clflushopt, hv

Memory: 4k page, system-wide physical 7502M (450M free)
TotalPageFile size 13070M (AvailPageFile size 100M)
current process WorkingSet (physical memory assigned to process): 145M, peak: 145M
current process commit charge ("private bytes"): 256M, peak: 256M

vm_info: Java HotSpot(TM) 64-Bit Server VM (17.0.11+7-LTS-207) for windows-amd64 JRE (17.0.11+7-LTS-207), built on Mar 11 2024 19:01:50 by "mach5one" with MS VC++ 17.6 (VS2022)

END.
